TN:
SF:src/config.ts
FNF:0
FNH:0
DA:1,9
LF:1
LH:1
BRF:0
BRH:0
end_of_record
TN:
SF:src/databaseRequests/getGrokKeyRequest.ts
FN:4,(anonymous_7)
FN:7,(anonymous_8)
FNF:2
FNH:0
FNDA:0,(anonymous_7)
FNDA:0,(anonymous_8)
DA:1,0
DA:2,0
DA:4,0
DA:7,0
DA:8,0
DA:9,0
DA:11,0
DA:12,0
DA:13,0
DA:16,0
LF:10
LH:0
BRDA:11,0,0,0
BRDA:11,0,1,0
BRDA:11,1,0,0
BRDA:11,1,1,0
BRF:4
BRH:0
end_of_record
TN:
SF:src/databaseRequests/saveGrokKeyRequest.ts
FN:3,(anonymous_7)
FN:3,(anonymous_8)
FNF:2
FNH:0
FNDA:0,(anonymous_7)
FNDA:0,(anonymous_8)
DA:1,0
DA:3,0
DA:4,0
DA:5,0
LF:4
LH:0
BRF:0
BRH:0
end_of_record
TN:
SF:src/functions/DeleteNote.ts
FN:17,(anonymous_7)
FN:24,(anonymous_8)
FN:44,DeleteNote
FNF:3
FNH:3
FNDA:6,(anonymous_7)
FNDA:4,(anonymous_8)
FNDA:8,DeleteNote
DA:1,1
DA:7,1
DA:8,1
DA:9,1
DA:18,6
DA:19,2
DA:21,4
DA:29,4
DA:30,4
DA:32,4
DA:33,4
DA:35,4
DA:37,3
DA:38,3
DA:42,1
DA:44,1
DA:48,8
DA:51,1
LF:18
LH:18
BRDA:18,0,0,2
BRDA:18,0,1,4
BRDA:18,1,0,6
BRDA:18,1,1,5
BRF:4
BRH:4
end_of_record
TN:
SF:src/functions/GetChatHistory.ts
FN:15,GetChatHistory
FNF:1
FNH:0
FNDA:0,GetChatHistory
DA:1,0
DA:7,0
DA:9,0
DA:15,0
DA:19,0
DA:21,0
DA:22,0
DA:23,0
DA:29,0
DA:30,0
DA:31,0
DA:33,0
DA:34,0
DA:40,0
DA:42,0
DA:44,0
DA:49,0
DA:51,0
DA:54,0
DA:55,0
DA:56,0
DA:57,0
DA:58,0
DA:59,0
DA:61,0
DA:71,0
DA:76,0
DA:77,0
DA:78,0
DA:83,0
DA:90,0
LF:31
LH:0
BRDA:22,0,0,0
BRDA:22,0,1,0
BRDA:33,1,0,0
BRDA:33,1,1,0
BRDA:42,2,0,0
BRDA:42,2,1,0
BRDA:54,3,0,0
BRDA:54,3,1,0
BRDA:54,4,0,0
BRDA:54,4,1,0
BRDA:56,5,0,0
BRDA:56,5,1,0
BRDA:77,6,0,0
BRDA:77,6,1,0
BRDA:77,7,0,0
BRDA:77,7,1,0
BRF:16
BRH:0
end_of_record
TN:
SF:src/functions/GetChats.ts
FN:10,GetChats
FNF:1
FNH:0
FNDA:0,GetChats
DA:1,0
DA:7,0
DA:8,0
DA:10,0
DA:14,0
DA:18,0
DA:19,0
DA:20,0
DA:26,0
DA:27,0
DA:28,0
DA:30,0
DA:35,0
DA:36,0
DA:43,0
LF:15
LH:0
BRDA:19,0,0,0
BRDA:19,0,1,0
BRF:2
BRH:0
end_of_record
TN:
SF:src/functions/GetNote.ts
FN:21,(anonymous_7)
FN:28,(anonymous_8)
FN:53,GetNote
FNF:3
FNH:3
FNDA:5,(anonymous_7)
FNDA:3,(anonymous_8)
FNDA:7,GetNote
DA:1,1
DA:7,1
DA:8,1
DA:9,1
DA:22,5
DA:23,2
DA:25,3
DA:33,3
DA:34,3
DA:36,3
DA:37,3
DA:39,3
DA:41,2
DA:42,1
DA:45,1
DA:46,1
DA:47,1
DA:51,1
DA:53,1
DA:57,7
DA:60,1
LF:21
LH:21
BRDA:22,0,0,2
BRDA:22,0,1,3
BRDA:22,1,0,5
BRDA:22,1,1,4
BRDA:41,2,0,1
BRDA:41,2,1,1
BRF:6
BRH:6
end_of_record
TN:
SF:src/functions/HasValidGrokKey.ts
FN:10,HasValidGrokKey
FNF:1
FNH:0
FNDA:0,HasValidGrokKey
DA:1,0
DA:7,0
DA:8,0
DA:10,0
DA:14,0
DA:15,0
DA:16,0
DA:18,0
DA:19,0
DA:21,0
DA:24,0
DA:26,0
DA:27,0
DA:31,0
LF:14
LH:0
BRDA:18,0,0,0
BRDA:18,0,1,0
BRDA:24,1,0,0
BRDA:24,1,1,0
BRF:4
BRH:0
end_of_record
TN:
SF:src/functions/PostChat.ts
FN:13,PostChat
FN:71,NoMessagesFoundResponse
FN:78,ReplyContentResponse
FN:92,NoContentFromGrokResponse
FN:102,GrokApiErrorResponse
FN:117,InternalServerErrorResponse
FNF:6
FNH:0
FNDA:0,PostChat
FNDA:0,NoMessagesFoundResponse
FNDA:0,ReplyContentResponse
FNDA:0,NoContentFromGrokResponse
FNDA:0,GrokApiErrorResponse
FNDA:0,InternalServerErrorResponse
DA:1,0
DA:7,0
DA:8,0
DA:9,0
DA:10,0
DA:13,0
DA:17,0
DA:19,0
DA:20,0
DA:21,0
DA:22,0
DA:24,0
DA:25,0
DA:34,0
DA:35,0
DA:36,0
DA:44,0
DA:46,0
DA:48,0
DA:49,0
DA:55,0
DA:56,0
DA:58,0
DA:59,0
DA:61,0
DA:65,0
DA:72,0
DA:82,0
DA:83,0
DA:95,0
DA:96,0
DA:106,0
DA:107,0
DA:118,0
LF:34
LH:0
BRDA:24,0,0,0
BRDA:24,0,1,0
BRDA:35,1,0,0
BRDA:35,1,1,0
BRDA:35,2,0,0
BRDA:35,2,1,0
BRDA:35,2,2,0
BRDA:46,3,0,0
BRDA:46,3,1,0
BRDA:52,4,0,0
BRDA:52,4,1,0
BRDA:55,5,0,0
BRDA:55,5,1,0
BRDA:58,6,0,0
BRDA:58,6,1,0
BRDA:108,7,0,0
BRDA:108,7,1,0
BRF:17
BRH:0
end_of_record
TN:
SF:src/functions/SaveChatPage.ts
FN:11,SaveChatPage
FNF:1
FNH:0
FNDA:0,SaveChatPage
DA:1,0
DA:7,0
DA:9,0
DA:11,0
DA:15,0
DA:17,0
DA:18,0
DA:19,0
DA:25,0
DA:26,0
DA:28,0
DA:34,0
DA:40,0
DA:41,0
DA:42,0
DA:44,0
DA:46,0
DA:47,0
DA:52,0
DA:53,0
DA:54,0
DA:59,0
DA:66,0
LF:23
LH:0
BRDA:18,0,0,0
BRDA:18,0,1,0
BRDA:28,1,0,0
BRDA:28,1,1,0
BRDA:29,2,0,0
BRDA:29,2,1,0
BRDA:29,2,2,0
BRDA:29,2,3,0
BRDA:53,3,0,0
BRDA:53,3,1,0
BRF:10
BRH:0
end_of_record
TN:
SF:src/functions/SaveGrokKey.ts
FN:10,SaveGrokKey
FN:28,(anonymous_9)
FN:28,(anonymous_10)
FNF:3
FNH:0
FNDA:0,SaveGrokKey
FNDA:0,(anonymous_9)
FNDA:0,(anonymous_10)
DA:1,0
DA:7,0
DA:8,0
DA:10,0
DA:14,0
DA:15,0
DA:17,0
DA:19,0
DA:21,0
DA:23,0
DA:24,0
DA:28,0
DA:29,0
DA:31,0
DA:32,0
DA:35,0
DA:38,0
LF:17
LH:0
BRDA:31,0,0,0
BRDA:31,0,1,0
BRF:2
BRH:0
end_of_record
TN:
SF:src/functions/SaveNote.ts
FN:18,(anonymous_7)
FN:25,(anonymous_8)
FN:45,SaveNote
FNF:3
FNH:3
FNDA:6,(anonymous_7)
FNDA:3,(anonymous_8)
FNDA:8,SaveNote
DA:1,1
DA:7,1
DA:8,1
DA:9,1
DA:19,6
DA:20,3
DA:22,3
DA:30,3
DA:31,3
DA:33,3
DA:34,3
DA:36,3
DA:38,2
DA:39,2
DA:43,1
DA:45,1
DA:49,8
DA:52,1
LF:18
LH:18
BRDA:19,0,0,3
BRDA:19,0,1,3
BRDA:19,1,0,6
BRDA:19,1,1,5
BRDA:19,1,2,4
BRF:5
BRH:5
end_of_record
TN:
SF:src/utils/UserStorageClient.ts
FN:7,(anonymous_14)
FN:21,(anonymous_15)
FN:33,(anonymous_17)
FN:49,(anonymous_19)
FN:61,(anonymous_21)
FN:73,(anonymous_23)
FNF:6
FNH:6
FNDA:15,(anonymous_14)
FNDA:2,(anonymous_15)
FNDA:3,(anonymous_17)
FNDA:2,(anonymous_19)
FNDA:2,(anonymous_21)
FNDA:4,(anonymous_23)
DA:1,5
DA:2,5
DA:4,5
DA:8,15
DA:9,15
DA:10,1
DA:14,14
DA:17,14
DA:18,14
DA:26,2
DA:30,2
DA:34,3
DA:37,3
DA:39,3
DA:40,1
DA:42,2
DA:43,1
DA:45,1
DA:50,2
DA:51,2
DA:52,8
DA:56,3
DA:58,2
DA:62,2
DA:65,2
DA:66,2
DA:67,1
DA:69,1
DA:74,4
DA:75,4
DA:77,22
DA:80,9
DA:82,8
DA:84,8
DA:85,8
DA:87,8
DA:91,4
LF:37
LH:37
BRDA:9,0,0,1
BRDA:9,0,1,14
BRDA:42,1,0,1
BRDA:42,1,1,1
BRDA:42,2,0,2
BRDA:42,2,1,1
BRDA:80,3,0,8
BRDA:80,3,1,1
BRDA:85,4,0,8
BRDA:85,4,1,0
BRF:10
BRH:9
end_of_record
TN:
SF:src/utils/baseHttpFunction.ts
FN:18,(anonymous_7)
FNF:1
FNH:1
FNDA:29,(anonymous_7)
DA:6,4
DA:7,4
DA:9,4
DA:22,29
DA:24,29
DA:26,29
DA:27,29
DA:28,4
DA:33,25
DA:34,25
DA:36,4
DA:37,4
DA:39,0
DA:43,21
DA:44,21
DA:45,8
DA:49,13
DA:51,4
DA:52,4
DA:53,0
DA:55,4
LF:21
LH:19
BRDA:27,0,0,4
BRDA:27,0,1,25
BRDA:36,1,0,4
BRDA:36,1,1,0
BRDA:36,2,0,4
BRDA:36,2,1,4
BRDA:44,3,0,8
BRDA:44,3,1,13
BRDA:52,4,0,0
BRDA:52,4,1,4
BRDA:52,5,0,4
BRDA:52,5,1,0
BRF:12
BRH:9
end_of_record
TN:
SF:src/utils/encryptionManager.ts
FN:6,(anonymous_13)
FN:10,(anonymous_14)
FN:12,(anonymous_16)
FN:41,(anonymous_17)
FN:43,(anonymous_19)
FN:70,(anonymous_20)
FN:80,(anonymous_21)
FNF:7
FNH:0
FNDA:0,(anonymous_13)
FNDA:0,(anonymous_14)
FNDA:0,(anonymous_16)
FNDA:0,(anonymous_17)
FNDA:0,(anonymous_19)
FNDA:0,(anonymous_20)
FNDA:0,(anonymous_21)
DA:1,0
DA:3,0
DA:7,0
DA:11,0
DA:12,0
DA:14,0
DA:22,0
DA:23,0
DA:25,0
DA:34,0
DA:35,0
DA:36,0
DA:38,0
DA:42,0
DA:43,0
DA:45,0
DA:53,0
DA:54,0
DA:55,0
DA:57,0
DA:66,0
DA:70,0
DA:71,0
DA:72,0
DA:73,0
DA:74,0
DA:75,0
DA:77,0
DA:80,0
DA:81,0
DA:82,0
DA:83,0
DA:84,0
DA:85,0
DA:87,0
LF:35
LH:0
BRF:0
BRH:0
end_of_record
TN:
SF:src/utils/getAuthenticatedUserId.ts
FN:6,(anonymous_13)
FN:8,(anonymous_14)
FNF:2
FNH:0
FNDA:0,(anonymous_13)
FNDA:0,(anonymous_14)
DA:2,4
DA:3,4
DA:4,4
DA:6,4
DA:8,0
DA:9,0
DA:11,0
DA:12,0
DA:15,0
DA:17,0
DA:19,0
DA:20,0
DA:23,0
DA:27,0
DA:28,0
DA:30,0
DA:35,0
DA:37,0
DA:38,0
DA:41,0
DA:42,0
DA:45,0
LF:22
LH:4
BRDA:9,0,0,0
BRDA:9,0,1,0
BRDA:11,1,0,0
BRDA:11,1,1,0
BRDA:19,2,0,0
BRDA:19,2,1,0
BRDA:19,3,0,0
BRDA:19,3,1,0
BRDA:19,3,2,0
BRDA:19,4,0,0
BRDA:19,4,1,0
BRDA:19,5,0,0
BRDA:19,5,1,0
BRDA:37,6,0,0
BRDA:37,6,1,0
BRDA:37,7,0,0
BRDA:37,7,1,0
BRDA:41,8,0,0
BRDA:41,8,1,0
BRF:19
BRH:0
end_of_record
TN:
SF:src/utils/grokClient.ts
FN:6,getGrokChatCompletion
FNF:1
FNH:0
FNDA:0,getGrokChatCompletion
DA:1,0
DA:2,0
DA:6,0
DA:11,0
DA:16,0
DA:23,0
LF:6
LH:0
BRDA:9,0,0,0
BRDA:23,1,0,0
BRDA:23,1,1,0
BRDA:23,2,0,0
BRDA:23,2,1,0
BRDA:23,3,0,0
BRDA:23,3,1,0
BRDA:23,4,0,0
BRDA:23,4,1,0
BRDA:23,5,0,0
BRDA:23,5,1,0
BRF:11
BRH:0
end_of_record
TN:
SF:src/utils/responseBuilder.ts
FN:4,(anonymous_0)
FN:14,(anonymous_1)
FN:24,(anonymous_2)
FN:31,(anonymous_3)
FN:48,(anonymous_4)
FN:57,(anonymous_5)
FN:64,(anonymous_6)
FN:71,(anonymous_7)
FNF:8
FNH:8
FNDA:4,(anonymous_0)
FNDA:7,(anonymous_1)
FNDA:6,(anonymous_2)
FNDA:3,(anonymous_3)
FNDA:6,(anonymous_4)
FNDA:9,(anonymous_5)
FNDA:3,(anonymous_6)
FNDA:5,(anonymous_7)
DA:3,5
DA:5,4
DA:18,7
DA:25,6
DA:36,3
DA:51,6
DA:58,9
DA:65,3
DA:72,5
LF:9
LH:9
BRDA:4,0,0,3
BRDA:10,1,0,3
BRDA:10,1,1,1
BRDA:16,2,0,6
BRDA:24,3,0,5
BRDA:34,4,0,2
BRDA:43,5,0,3
BRDA:43,5,1,1
BRDA:49,6,0,5
BRDA:64,7,0,1
BRF:10
BRH:10
end_of_record
TN:
SF:src/utils/userStorageClientSingleton.ts
FN:6,(anonymous_0)
FN:14,(anonymous_1)
FNF:2
FNH:2
FNDA:5,(anonymous_0)
FNDA:4,(anonymous_1)
DA:1,4
DA:4,4
DA:7,5
DA:8,4
DA:10,5
DA:15,4
DA:19,4
LF:7
LH:7
BRDA:7,0,0,4
BRDA:7,0,1,1
BRF:2
BRH:2
end_of_record
