TN:
SF:src/config.ts
FNF:0
FNH:0
DA:1,22
LF:1
LH:1
BRF:0
BRH:0
end_of_record
TN:
SF:src/databaseRequests/getGrokKeyRequest.ts
FN:4,(anonymous_7)
FN:7,(anonymous_8)
FNF:2
FNH:2
FNDA:15,(anonymous_7)
FNDA:15,(anonymous_8)
DA:1,3
DA:2,3
DA:4,3
DA:7,15
DA:8,15
DA:9,15
DA:11,14
DA:12,2
DA:13,2
DA:16,13
LF:10
LH:10
BRDA:11,0,0,2
BRDA:11,0,1,12
BRDA:11,1,0,14
BRDA:11,1,1,3
BRF:4
BRH:4
end_of_record
TN:
SF:src/databaseRequests/saveGrokKeyRequest.ts
FN:3,(anonymous_7)
FN:3,(anonymous_8)
FNF:2
FNH:2
FNDA:19,(anonymous_7)
FNDA:19,(anonymous_8)
DA:1,2
DA:3,19
DA:4,19
DA:5,19
LF:4
LH:4
BRF:0
BRH:0
end_of_record
TN:
SF:src/functions/DeleteNote.ts
FN:17,(anonymous_7)
FN:24,(anonymous_8)
FN:44,DeleteNote
FNF:3
FNH:3
FNDA:6,(anonymous_7)
FNDA:4,(anonymous_8)
FNDA:8,DeleteNote
DA:1,1
DA:7,1
DA:8,1
DA:9,1
DA:18,6
DA:19,2
DA:21,4
DA:29,4
DA:30,4
DA:32,4
DA:33,4
DA:35,4
DA:37,3
DA:38,3
DA:42,1
DA:44,1
DA:48,8
DA:51,1
LF:18
LH:18
BRDA:18,0,0,2
BRDA:18,0,1,4
BRDA:18,1,0,6
BRDA:18,1,1,5
BRF:4
BRH:4
end_of_record
TN:
SF:src/functions/GetChatHistory.ts
FN:15,GetChatHistory
FNF:1
FNH:1
FNDA:22,GetChatHistory
DA:1,1
DA:7,1
DA:9,1
DA:15,1
DA:19,22
DA:21,22
DA:22,22
DA:23,1
DA:29,21
DA:30,21
DA:31,20
DA:33,20
DA:34,3
DA:40,17
DA:42,17
DA:44,17
DA:49,15
DA:51,15
DA:54,117
DA:55,111
DA:56,110
DA:57,108
DA:58,108
DA:59,107
DA:61,1
DA:71,14
DA:76,4
DA:77,4
DA:78,1
DA:83,3
DA:90,1
LF:31
LH:31
BRDA:22,0,0,1
BRDA:22,0,1,21
BRDA:33,1,0,3
BRDA:33,1,1,17
BRDA:42,2,0,1
BRDA:42,2,1,16
BRDA:54,3,0,111
BRDA:54,3,1,6
BRDA:54,4,0,117
BRDA:54,4,1,117
BRDA:56,5,0,108
BRDA:56,5,1,2
BRDA:77,6,0,1
BRDA:77,6,1,3
BRDA:77,7,0,4
BRDA:77,7,1,1
BRF:16
BRH:16
end_of_record
TN:
SF:src/functions/GetChats.ts
FN:10,GetChats
FNF:1
FNH:0
FNDA:0,GetChats
DA:1,0
DA:7,0
DA:8,0
DA:10,0
DA:14,0
DA:18,0
DA:19,0
DA:20,0
DA:26,0
DA:27,0
DA:28,0
DA:30,0
DA:35,0
DA:36,0
DA:43,0
LF:15
LH:0
BRDA:19,0,0,0
BRDA:19,0,1,0
BRF:2
BRH:0
end_of_record
TN:
SF:src/functions/GetNote.ts
FN:21,(anonymous_7)
FN:28,(anonymous_8)
FN:53,GetNote
FNF:3
FNH:3
FNDA:5,(anonymous_7)
FNDA:3,(anonymous_8)
FNDA:7,GetNote
DA:1,1
DA:7,1
DA:8,1
DA:9,1
DA:22,5
DA:23,2
DA:25,3
DA:33,3
DA:34,3
DA:36,3
DA:37,3
DA:39,3
DA:41,2
DA:42,1
DA:45,1
DA:46,1
DA:47,1
DA:51,1
DA:53,1
DA:57,7
DA:60,1
LF:21
LH:21
BRDA:22,0,0,2
BRDA:22,0,1,3
BRDA:22,1,0,5
BRDA:22,1,1,4
BRDA:41,2,0,1
BRDA:41,2,1,1
BRF:6
BRH:6
end_of_record
TN:
SF:src/functions/HasValidGrokKey.ts
FN:12,(anonymous_7)
FN:17,(anonymous_8)
FN:34,HasValidGrokKey
FNF:3
FNH:3
FNDA:15,(anonymous_7)
FNDA:15,(anonymous_8)
FNDA:18,HasValidGrokKey
DA:1,1
DA:7,1
DA:8,1
DA:9,1
DA:14,15
DA:22,15
DA:24,11
DA:25,8
DA:27,3
DA:32,1
DA:34,1
DA:38,18
DA:41,1
LF:13
LH:13
BRDA:24,0,0,8
BRDA:24,0,1,3
BRF:2
BRH:2
end_of_record
TN:
SF:src/functions/PostChat.ts
FN:19,(anonymous_8)
FN:77,(anonymous_10)
FN:93,PostChat
FNF:3
FNH:3
FNDA:9,(anonymous_8)
FNDA:12,(anonymous_10)
FNDA:14,PostChat
DA:1,1
DA:7,1
DA:8,1
DA:9,1
DA:10,1
DA:11,1
DA:24,9
DA:26,9
DA:27,9
DA:28,9
DA:29,9
DA:31,9
DA:32,1
DA:36,8
DA:40,8
DA:41,1
DA:46,7
DA:47,7
DA:53,5
DA:54,4
DA:55,4
DA:57,1
DA:58,1
DA:64,2
DA:65,1
DA:66,1
DA:73,1
DA:78,12
DA:79,1
DA:81,11
DA:82,1
DA:84,10
DA:85,1
DA:87,9
DA:91,1
DA:93,1
DA:97,14
DA:100,1
LF:38
LH:38
BRDA:31,0,0,1
BRDA:31,0,1,8
BRDA:40,1,0,1
BRDA:40,1,1,7
BRDA:40,2,0,8
BRDA:40,2,1,3
BRDA:40,2,2,2
BRDA:50,3,0,7
BRDA:50,3,1,5
BRDA:53,4,0,4
BRDA:53,4,1,1
BRDA:64,5,0,1
BRDA:64,5,1,1
BRDA:69,6,0,1
BRDA:69,6,1,0
BRDA:78,7,0,1
BRDA:78,7,1,11
BRDA:81,8,0,1
BRDA:81,8,1,10
BRDA:81,9,0,11
BRDA:81,9,1,10
BRDA:84,10,0,1
BRDA:84,10,1,9
BRF:23
BRH:22
end_of_record
TN:
SF:src/functions/SaveChatPage.ts
FN:11,SaveChatPage
FNF:1
FNH:0
FNDA:0,SaveChatPage
DA:1,0
DA:7,0
DA:9,0
DA:11,0
DA:15,0
DA:17,0
DA:18,0
DA:19,0
DA:25,0
DA:26,0
DA:28,0
DA:34,0
DA:40,0
DA:41,0
DA:42,0
DA:44,0
DA:46,0
DA:47,0
DA:52,0
DA:53,0
DA:54,0
DA:59,0
DA:66,0
LF:23
LH:0
BRDA:18,0,0,0
BRDA:18,0,1,0
BRDA:28,1,0,0
BRDA:28,1,1,0
BRDA:29,2,0,0
BRDA:29,2,1,0
BRDA:29,2,2,0
BRDA:29,2,3,0
BRDA:53,3,0,0
BRDA:53,3,1,0
BRF:10
BRH:0
end_of_record
TN:
SF:src/functions/SaveGrokKey.ts
FN:16,(anonymous_7)
FN:23,(anonymous_8)
FN:40,SaveGrokKey
FNF:3
FNH:3
FNDA:21,(anonymous_7)
FNDA:17,(anonymous_8)
FNDA:25,SaveGrokKey
DA:1,1
DA:7,1
DA:8,1
DA:9,1
DA:17,21
DA:18,4
DA:20,17
DA:28,17
DA:29,17
DA:31,17
DA:33,13
DA:34,13
DA:38,1
DA:40,1
DA:44,25
DA:47,1
LF:16
LH:16
BRDA:17,0,0,4
BRDA:17,0,1,17
BRF:2
BRH:2
end_of_record
TN:
SF:src/functions/SaveNote.ts
FN:18,(anonymous_7)
FN:25,(anonymous_8)
FN:45,SaveNote
FNF:3
FNH:3
FNDA:6,(anonymous_7)
FNDA:3,(anonymous_8)
FNDA:8,SaveNote
DA:1,1
DA:7,1
DA:8,1
DA:9,1
DA:19,6
DA:20,3
DA:22,3
DA:30,3
DA:31,3
DA:33,3
DA:34,3
DA:36,3
DA:38,2
DA:39,2
DA:43,1
DA:45,1
DA:49,8
DA:52,1
LF:18
LH:18
BRDA:19,0,0,3
BRDA:19,0,1,3
BRDA:19,1,0,6
BRDA:19,1,1,5
BRDA:19,1,2,4
BRF:5
BRH:5
end_of_record
TN:
SF:src/utils/UserStorageClient.ts
FN:7,(anonymous_14)
FN:21,(anonymous_15)
FN:33,(anonymous_17)
FN:49,(anonymous_19)
FN:61,(anonymous_21)
FN:73,(anonymous_23)
FNF:6
FNH:6
FNDA:15,(anonymous_14)
FNDA:2,(anonymous_15)
FNDA:3,(anonymous_17)
FNDA:2,(anonymous_19)
FNDA:2,(anonymous_21)
FNDA:4,(anonymous_23)
DA:1,11
DA:2,11
DA:4,11
DA:8,15
DA:9,15
DA:10,1
DA:14,14
DA:17,14
DA:18,14
DA:26,2
DA:30,2
DA:34,3
DA:37,3
DA:39,3
DA:40,1
DA:42,2
DA:43,1
DA:45,1
DA:50,2
DA:51,2
DA:52,8
DA:56,3
DA:58,2
DA:62,2
DA:65,2
DA:66,2
DA:67,1
DA:69,1
DA:74,4
DA:75,4
DA:77,22
DA:80,9
DA:82,8
DA:84,8
DA:85,8
DA:87,8
DA:91,4
LF:37
LH:37
BRDA:9,0,0,1
BRDA:9,0,1,14
BRDA:42,1,0,1
BRDA:42,1,1,1
BRDA:42,2,0,2
BRDA:42,2,1,1
BRDA:80,3,0,8
BRDA:80,3,1,1
BRDA:85,4,0,8
BRDA:85,4,1,0
BRF:10
BRH:9
end_of_record
TN:
SF:src/utils/baseHttpFunction.ts
FN:18,(anonymous_7)
FNF:1
FNH:1
FNDA:86,(anonymous_7)
DA:6,7
DA:7,7
DA:9,7
DA:22,86
DA:24,86
DA:26,86
DA:27,80
DA:28,5
DA:33,75
DA:34,75
DA:36,6
DA:37,6
DA:39,0
DA:43,69
DA:44,69
DA:45,15
DA:49,54
DA:51,18
DA:52,18
DA:53,0
DA:55,18
LF:21
LH:19
BRDA:27,0,0,5
BRDA:27,0,1,75
BRDA:36,1,0,6
BRDA:36,1,1,0
BRDA:36,2,0,6
BRDA:36,2,1,6
BRDA:44,3,0,15
BRDA:44,3,1,54
BRDA:52,4,0,0
BRDA:52,4,1,18
BRDA:52,5,0,18
BRDA:52,5,1,0
BRF:12
BRH:9
end_of_record
TN:
SF:src/utils/encryptionManager.ts
FN:6,(anonymous_13)
FN:10,(anonymous_14)
FN:12,(anonymous_16)
FN:41,(anonymous_17)
FN:43,(anonymous_19)
FN:70,(anonymous_20)
FN:80,(anonymous_21)
FNF:7
FNH:0
FNDA:0,(anonymous_13)
FNDA:0,(anonymous_14)
FNDA:0,(anonymous_16)
FNDA:0,(anonymous_17)
FNDA:0,(anonymous_19)
FNDA:0,(anonymous_20)
FNDA:0,(anonymous_21)
DA:1,3
DA:3,3
DA:7,0
DA:11,0
DA:12,0
DA:14,0
DA:22,0
DA:23,0
DA:25,0
DA:34,0
DA:35,0
DA:36,0
DA:38,0
DA:42,0
DA:43,0
DA:45,0
DA:53,0
DA:54,0
DA:55,0
DA:57,0
DA:66,0
DA:70,3
DA:71,0
DA:72,0
DA:73,0
DA:74,0
DA:75,0
DA:77,0
DA:80,3
DA:81,0
DA:82,0
DA:83,0
DA:84,0
DA:85,0
DA:87,0
LF:35
LH:4
BRF:0
BRH:0
end_of_record
TN:
SF:src/utils/getAuthenticatedUserId.ts
FN:6,(anonymous_13)
FN:8,(anonymous_14)
FNF:2
FNH:2
FNDA:14,(anonymous_13)
FNDA:14,(anonymous_14)
DA:2,9
DA:3,9
DA:4,9
DA:6,9
DA:8,14
DA:9,14
DA:11,14
DA:12,2
DA:15,12
DA:17,12
DA:19,12
DA:20,3
DA:23,9
DA:27,9
DA:28,8
DA:30,8
DA:35,7
DA:37,7
DA:38,2
DA:41,5
DA:42,4
DA:45,1
LF:22
LH:22
BRDA:9,0,0,14
BRDA:9,0,1,1
BRDA:11,1,0,2
BRDA:11,1,1,12
BRDA:19,2,0,3
BRDA:19,2,1,9
BRDA:19,3,0,12
BRDA:19,3,1,11
BRDA:19,3,2,10
BRDA:19,4,0,0
BRDA:19,4,1,10
BRDA:19,5,0,10
BRDA:19,5,1,10
BRDA:37,6,0,2
BRDA:37,6,1,5
BRDA:37,7,0,7
BRDA:37,7,1,6
BRDA:41,8,0,4
BRDA:41,8,1,1
BRF:19
BRH:18
end_of_record
TN:
SF:src/utils/grokClient.ts
FN:6,getGrokChatCompletion
FNF:1
FNH:1
FNDA:10,getGrokChatCompletion
DA:1,2
DA:2,2
DA:6,2
DA:11,10
DA:16,10
DA:23,9
LF:6
LH:6
BRDA:9,0,0,8
BRDA:23,1,0,9
BRDA:23,1,1,3
BRDA:23,2,0,2
BRDA:23,2,1,7
BRDA:23,3,0,9
BRDA:23,3,1,9
BRDA:23,4,0,1
BRDA:23,4,1,8
BRDA:23,5,0,9
BRDA:23,5,1,9
BRF:11
BRH:11
end_of_record
TN:
SF:src/utils/responseBuilder.ts
FN:4,(anonymous_0)
FN:14,(anonymous_1)
FN:24,(anonymous_2)
FN:31,(anonymous_3)
FN:48,(anonymous_4)
FN:57,(anonymous_5)
FN:64,(anonymous_6)
FN:71,(anonymous_7)
FNF:8
FNH:8
FNDA:16,(anonymous_0)
FNDA:20,(anonymous_1)
FNDA:22,(anonymous_2)
FNDA:4,(anonymous_3)
FNDA:8,(anonymous_4)
FNDA:17,(anonymous_5)
FNDA:6,(anonymous_6)
FNDA:7,(anonymous_7)
DA:3,8
DA:5,16
DA:18,20
DA:25,22
DA:36,4
DA:51,8
DA:58,17
DA:65,6
DA:72,7
LF:9
LH:9
BRDA:4,0,0,15
BRDA:10,1,0,7
BRDA:10,1,1,9
BRDA:16,2,0,6
BRDA:24,3,0,19
BRDA:34,4,0,2
BRDA:43,5,0,4
BRDA:43,5,1,2
BRDA:49,6,0,6
BRDA:64,7,0,1
BRF:10
BRH:10
end_of_record
TN:
SF:src/utils/userStorageClientSingleton.ts
FN:6,(anonymous_0)
FN:14,(anonymous_1)
FNF:2
FNH:2
FNDA:5,(anonymous_0)
FNDA:4,(anonymous_1)
DA:1,4
DA:4,4
DA:7,5
DA:8,4
DA:10,5
DA:15,4
DA:19,4
LF:7
LH:7
BRDA:7,0,0,4
BRDA:7,0,1,1
BRF:2
BRH:2
end_of_record
